<?xml version="1.0" encoding="UTF-8"?>
<testng-results ignored="0" total="2" passed="2" failed="0" skipped="0">
  <reporter-output>
  </reporter-output>
  <suite started-at="2020-12-26T20:27:48Z" name="Default suite" finished-at="2020-12-26T20:27:52Z" duration-ms="3958">
    <groups>
    </groups>
    <test started-at="2020-12-26T20:27:48Z" name="Default test" finished-at="2020-12-26T20:27:52Z" duration-ms="3958">
      <class name="org.testing.TestScripts.TC7_DummyPost">
        <test-method is-config="true" signature="loadProp()[pri:0, instance:org.testing.TestScripts.TC7_DummyPost@13e344d]" started-at="2020-12-27T01:57:48Z" name="loadProp" finished-at="2020-12-27T01:57:48Z" duration-ms="9" status="PASS">
          <reporter-output>
          </reporter-output>
        </test-method> <!-- loadProp -->
        <test-method signature="post()[pri:1, instance:org.testing.TestScripts.TC7_DummyPost@13e344d]" started-at="2020-12-27T01:57:48Z" name="post" finished-at="2020-12-27T01:57:52Z" duration-ms="3770" status="PASS">
          <reporter-output>
          </reporter-output>
        </test-method> <!-- post -->
        <test-method signature="get()[pri:2, instance:org.testing.TestScripts.TC7_DummyPost@13e344d]" started-at="2020-12-27T01:57:52Z" name="get" finished-at="2020-12-27T01:57:52Z" duration-ms="161" status="PASS">
          <reporter-output>
          </reporter-output>
        </test-method> <!-- get -->
      </class> <!-- org.testing.TestScripts.TC7_DummyPost -->
    </test> <!-- Default test -->
  </suite> <!-- Default suite -->
</testng-results>
